time="2023-08-29T14:12:21.4698664+07:00" level=error msg="sql: no rows in result set" file="G:/CodeSamples/Golang/Backend_MyBlog/main.go" line=38
time="2023-08-29T14:16:16.7680368+07:00" level=error msg="code=415, message=Unsupported Media Type" file="G:/CodeSamples/Golang/Backend_MyBlog/handler/user_handler.go" line=24
time="2023-08-29T14:17:59.391453+07:00" level=error msg="sql: no rows in result set" file="G:/CodeSamples/Golang/Backend_MyBlog/main.go" line=38
time="2023-08-29T14:21:51.7587159+07:00" level=error msg="sql: no rows in result set" file="G:/CodeSamples/Golang/Backend_MyBlog/main.go" line=38
time="2023-08-29T14:27:15.2645662+07:00" level=error msg="code=415, message=Unsupported Media Type" file="G:/CodeSamples/Golang/Backend_MyBlog/handler/user_handler.go" line=24
time="2023-08-29T14:29:52.6145051+07:00" level=error msg="code=415, message=Unsupported Media Type" file="G:/CodeSamples/Golang/Backend_MyBlog/handler/user_handler.go" line=24
time="2023-08-29T14:37:06.2858069+07:00" level=error msg="sql: no rows in result set" file="G:/CodeSamples/Golang/Backend_MyBlog/main.go" line=38
time="2023-08-29T14:37:28.0624467+07:00" level=error msg="code=415, message=Unsupported Media Type" file="G:/CodeSamples/Golang/Backend_MyBlog/handler/user_handler.go" line=24
time="2023-08-29T14:38:06.817748+07:00" level=error msg="sql: no rows in result set" file="G:/CodeSamples/Golang/Backend_MyBlog/main.go" line=38
time="2023-08-29T14:38:14.5528822+07:00" level=error msg="Key: 'ReqSignUp.Email' Error:Field validation for 'Email' failed on the 'required' tag\nKey: 'ReqSignUp.Password' Error:Field validation for 'Password' failed on the 'required' tag\nKey: 'ReqSignUp.FullName' Error:Field validation for 'FullName' failed on the 'required' tag" file="G:/CodeSamples/Golang/Backend_MyBlog/handler/user_handler.go" line=26
time="2023-08-29T14:39:00.1992349+07:00" level=error msg="Key: 'ReqSignUp.Email' Error:Field validation for 'Email' failed on the 'required' tag\nKey: 'ReqSignUp.Password' Error:Field validation for 'Password' failed on the 'required' tag\nKey: 'ReqSignUp.FullName' Error:Field validation for 'FullName' failed on the 'required' tag" file="G:/CodeSamples/Golang/Backend_MyBlog/handler/user_handler.go" line=26
time="2023-08-29T14:39:36.6978306+07:00" level=error msg="Key: 'ReqSignUp.Email' Error:Field validation for 'Email' failed on the 'required' tag\nKey: 'ReqSignUp.Password' Error:Field validation for 'Password' failed on the 'required' tag\nKey: 'ReqSignUp.FullName' Error:Field validation for 'FullName' failed on the 'required' tag" file="G:/CodeSamples/Golang/Backend_MyBlog/handler/user_handler.go" line=26
time="2023-08-29T14:40:01.5561475+07:00" level=error msg="Key: 'ReqSignUp.Email' Error:Field validation for 'Email' failed on the 'required' tag\nKey: 'ReqSignUp.Password' Error:Field validation for 'Password' failed on the 'required' tag\nKey: 'ReqSignUp.FullName' Error:Field validation for 'FullName' failed on the 'required' tag" file="G:/CodeSamples/Golang/Backend_MyBlog/handler/user_handler.go" line=26
time="2023-08-29T14:40:18.3550353+07:00" level=error msg="sql: no rows in result set" file="G:/CodeSamples/Golang/Backend_MyBlog/main.go" line=38
time="2023-08-29T14:40:26.9367275+07:00" level=error msg="code=415, message=Unsupported Media Type" file="G:/CodeSamples/Golang/Backend_MyBlog/handler/user_handler.go" line=24
time="2023-08-29T14:43:24.2025189+07:00" level=error msg="code=400, message=Syntax error: offset=8, error=invalid character 'E' looking for beginning of object key string, internal=invalid character 'E' looking for beginning of object key string" file="G:/CodeSamples/Golang/Backend_MyBlog/handler/user_handler.go" line=24
time="2023-08-29T14:45:26.4032024+07:00" level=error msg="pq: syntax error at or near \"VALUE\"" file="G:/CodeSamples/Golang/Backend_MyBlog/repository/repo_impl/user_repo_impl.go" line=38
time="2023-08-29T14:49:54.9967972+07:00" level=error msg="sql: no rows in result set" file="G:/CodeSamples/Golang/Backend_MyBlog/main.go" line=38
time="2023-08-29T15:21:40.136714+07:00" level=error msg="sql: no rows in result set" file="G:/CodeSamples/Golang/Backend_MyBlog/main.go" line=38
time="2023-08-29T15:27:13.7920959+07:00" level=error msg="pq: duplicate key value violates unique constraint \"users_email_key\"" file="G:/CodeSamples/Golang/Backend_MyBlog/repository/repo_impl/user_repo_impl.go" line=42
time="2023-08-29T15:35:28.8912514+07:00" level=error msg="pq: duplicate key value violates unique constraint \"users_email_key\"" file="G:/CodeSamples/Golang/Backend_MyBlog/repository/repo_impl/user_repo_impl.go" line=42
